-------------------------------------------------------------------------------
Test set: com.cognizant.authorization.AuthorizationServiceApplicationTests
-------------------------------------------------------------------------------
Tests run: 1, Failures: 0, Errors: 1, Skipped: 0, Time elapsed: 4.953 s <<< FAILURE! - in com.cognizant.authorization.AuthorizationServiceApplicationTests
main  Time elapsed: 4.945 s  <<< ERROR!
org.springframework.beans.factory.UnsatisfiedDependencyException: Error creating bean with name 'org.springframework.boot.autoconfigure.orm.jpa.HibernateJpaConfiguration': Unsatisfied dependency expressed through constructor parameter 0; nested exception is org.springframework.beans.factory.BeanCreationException: Error creating bean with name 'dataSource' defined in class path resource [org/springframework/boot/autoconfigure/jdbc/DataSourceConfiguration$Hikari.class]: Bean instantiation via factory method failed; nested exception is org.springframework.beans.BeanInstantiationException: Failed to instantiate [com.zaxxer.hikari.HikariDataSource]: Factory method 'dataSource' threw exception; nested exception is java.lang.IllegalStateException: Cannot load driver class: org.h2.Driver
	at com.cognizant.authorization.AuthorizationServiceApplicationTests.main(AuthorizationServiceApplicationTests.java:15)
Caused by: org.springframework.beans.factory.BeanCreationException: Error creating bean with name 'dataSource' defined in class path resource [org/springframework/boot/autoconfigure/jdbc/DataSourceConfiguration$Hikari.class]: Bean instantiation via factory method failed; nested exception is org.springframework.beans.BeanInstantiationException: Failed to instantiate [com.zaxxer.hikari.HikariDataSource]: Factory method 'dataSource' threw exception; nested exception is java.lang.IllegalStateException: Cannot load driver class: org.h2.Driver
	at com.cognizant.authorization.AuthorizationServiceApplicationTests.main(AuthorizationServiceApplicationTests.java:15)
Caused by: org.springframework.beans.BeanInstantiationException: Failed to instantiate [com.zaxxer.hikari.HikariDataSource]: Factory method 'dataSource' threw exception; nested exception is java.lang.IllegalStateException: Cannot load driver class: org.h2.Driver
	at com.cognizant.authorization.AuthorizationServiceApplicationTests.main(AuthorizationServiceApplicationTests.java:15)
Caused by: java.lang.IllegalStateException: Cannot load driver class: org.h2.Driver
	at com.cognizant.authorization.AuthorizationServiceApplicationTests.main(AuthorizationServiceApplicationTests.java:15)

