<?xml version="1.0" encoding="UTF-8"?>
<testsuite xmlns:xsi="http://www.w3.org/2001/XMLSchema-instance" xsi:noNamespaceSchemaLocation="https://maven.apache.org/surefire/maven-surefire-plugin/xsd/surefire-test-report.xsd" name="com.cognizant.authorization.AuthorizationServiceApplicationTests" time="4.953" tests="1" errors="1" skipped="0" failures="0">
  <properties>
[...]
</properties>
  <testcase name="main" classname="com.cognizant.authorization.AuthorizationServiceApplicationTests" time="4.945">
    <error message="Error creating bean with name &apos;org.springframework.boot.autoconfigure.orm.jpa.HibernateJpaConfiguration&apos;: Unsatisfied dependency expressed through constructor parameter 0; nested exception is org.springframework.beans.factory.BeanCreationException: Error creating bean with name &apos;dataSource&apos; defined in class path resource [org/springframework/boot/autoconfigure/jdbc/DataSourceConfiguration$Hikari.class]: Bean instantiation via factory method failed; nested exception is org.springframework.beans.BeanInstantiationException: Failed to instantiate [com.zaxxer.hikari.HikariDataSource]: Factory method &apos;dataSource&apos; threw exception; nested exception is java.lang.IllegalStateException: Cannot load driver class: org.h2.Driver" type="org.springframework.beans.factory.UnsatisfiedDependencyException">org.springframework.beans.factory.UnsatisfiedDependencyException: Error creating bean with name 'org.springframework.boot.autoconfigure.orm.jpa.HibernateJpaConfiguration': Unsatisfied dependency expressed through constructor parameter 0; nested exception is org.springframework.beans.factory.BeanCreationException: Error creating bean with name 'dataSource' defined in class path resource [org/springframework/boot/autoconfigure/jdbc/DataSourceConfiguration$Hikari.class]: Bean instantiation via factory method failed; nested exception is org.springframework.beans.BeanInstantiationException: Failed to instantiate [com.zaxxer.hikari.HikariDataSource]: Factory method 'dataSource' threw exception; nested exception is java.lang.IllegalStateException: Cannot load driver class: org.h2.Driver
	at com.cognizant.authorization.AuthorizationServiceApplicationTests.main(AuthorizationServiceApplicationTests.java:15)
Caused by: org.springframework.beans.factory.BeanCreationException: Error creating bean with name 'dataSource' defined in class path resource [org/springframework/boot/autoconfigure/jdbc/DataSourceConfiguration$Hikari.class]: Bean instantiation via factory method failed; nested exception is org.springframework.beans.BeanInstantiationException: Failed to instantiate [com.zaxxer.hikari.HikariDataSource]: Factory method 'dataSource' threw exception; nested exception is java.lang.IllegalStateException: Cannot load driver class: org.h2.Driver
	at com.cognizant.authorization.AuthorizationServiceApplicationTests.main(AuthorizationServiceApplicationTests.java:15)
Caused by: org.springframework.beans.BeanInstantiationException: Failed to instantiate [com.zaxxer.hikari.HikariDataSource]: Factory method 'dataSource' threw exception; nested exception is java.lang.IllegalStateException: Cannot load driver class: org.h2.Driver
	at com.cognizant.authorization.AuthorizationServiceApplicationTests.main(AuthorizationServiceApplicationTests.java:15)
Caused by: java.lang.IllegalStateException: Cannot load driver class: org.h2.Driver
	at com.cognizant.authorization.AuthorizationServiceApplicationTests.main(AuthorizationServiceApplicationTests.java:15)
</error>
    <system-out><![CDATA[13:06:10.620 [main] DEBUG org.springframework.test.context.junit4.SpringJUnit4ClassRunner - SpringJUnit4ClassRunner constructor called with [class com.cognizant.authorization.model.ErrorResponseTest]
13:06:10.626 [main] DEBUG org.springframework.test.context.BootstrapUtils - Instantiating CacheAwareContextLoaderDelegate from class [org.springframework.test.context.cache.DefaultCacheAwareContextLoaderDelegate]
13:06:10.636 [main] DEBUG org.springframework.test.context.BootstrapUtils - Instantiating BootstrapContext using constructor [public org.springframework.test.context.support.DefaultBootstrapContext(java.lang.Class,org.springframework.test.context.CacheAwareContextLoaderDelegate)]
13:06:10.671 [main] DEBUG org.springframework.test.context.BootstrapUtils - Instantiating TestContextBootstrapper for test class [com.cognizant.authorization.model.ErrorResponseTest] from class [org.springframework.boot.test.context.SpringBootTestContextBootstrapper]
13:06:10.686 [main] INFO org.springframework.boot.test.context.SpringBootTestContextBootstrapper - Neither @ContextConfiguration nor @ContextHierarchy found for test class [com.cognizant.authorization.model.ErrorResponseTest], using SpringBootContextLoader
13:06:10.691 [main] DEBUG org.springframework.test.context.support.AbstractContextLoader - Did not detect default resource location for test class [com.cognizant.authorization.model.ErrorResponseTest]: class path resource [com/cognizant/authorization/model/ErrorResponseTest-context.xml] does not exist
13:06:10.692 [main] DEBUG org.springframework.test.context.support.AbstractContextLoader - Did not detect default resource location for test class [com.cognizant.authorization.model.ErrorResponseTest]: class path resource [com/cognizant/authorization/model/ErrorResponseTestContext.groovy] does not exist
13:06:10.692 [main] INFO org.springframework.test.context.support.AbstractContextLoader - Could not detect default resource locations for test class [com.cognizant.authorization.model.ErrorResponseTest]: no resource found for suffixes {-context.xml, Context.groovy}.
13:06:10.693 [main] INFO org.springframework.test.context.support.AnnotationConfigContextLoaderUtils - Could not detect default configuration classes for test class [com.cognizant.authorization.model.ErrorResponseTest]: ErrorResponseTest does not declare any static, non-private, non-final, nested classes annotated with @Configuration.
13:06:10.733 [main] DEBUG org.springframework.test.context.support.ActiveProfilesUtils - Could not find an 'annotation declaring class' for annotation type [org.springframework.test.context.ActiveProfiles] and class [com.cognizant.authorization.model.ErrorResponseTest]
13:06:10.812 [main] DEBUG org.springframework.context.annotation.ClassPathScanningCandidateComponentProvider - Identified candidate component class: file [C:\Users\ashri\OneDrive\Desktop\916927-ArthiSettu\MFPE_Projects-main\POD4\authorization-service\target\classes\com\cognizant\authorization\AuthorizationServiceApplication.class]
13:06:10.814 [main] INFO org.springframework.boot.test.context.SpringBootTestContextBootstrapper - Found @SpringBootConfiguration com.cognizant.authorization.AuthorizationServiceApplication for test class com.cognizant.authorization.model.ErrorResponseTest
13:06:11.107 [main] DEBUG org.springframework.boot.test.context.SpringBootTestContextBootstrapper - @TestExecutionListeners is not present for class [com.cognizant.authorization.model.ErrorResponseTest]: using defaults.
13:06:11.108 [main] INFO org.springframework.boot.test.context.SpringBootTestContextBootstrapper - Loaded default TestExecutionListener class names from location [META-INF/spring.factories]: [org.springframework.boot.test.mock.mockito.MockitoTestExecutionListener, org.springframework.boot.test.mock.mockito.ResetMocksTestExecutionListener, org.springframework.boot.test.autoconfigure.restdocs.RestDocsTestExecutionListener, org.springframework.boot.test.autoconfigure.web.client.MockRestServiceServerResetTestExecutionListener, org.springframework.boot.test.autoconfigure.web.servlet.MockMvcPrintOnlyOnFailureTestExecutionListener, org.springframework.boot.test.autoconfigure.web.servlet.WebDriverTestExecutionListener, org.springframework.boot.test.autoconfigure.webservices.client.MockWebServiceServerTestExecutionListener, org.springframework.test.context.web.ServletTestExecutionListener, org.springframework.test.context.support.DirtiesContextBeforeModesTestExecutionListener, org.springframework.test.context.support.DependencyInjectionTestExecutionListener, org.springframework.test.context.support.DirtiesContextTestExecutionListener, org.springframework.test.context.transaction.TransactionalTestExecutionListener, org.springframework.test.context.jdbc.SqlScriptsTestExecutionListener, org.springframework.test.context.event.EventPublishingTestExecutionListener, org.springframework.security.test.context.support.WithSecurityContextTestExecutionListener, org.springframework.security.test.context.support.ReactorContextTestExecutionListener]
13:06:11.150 [main] INFO org.springframework.boot.test.context.SpringBootTestContextBootstrapper - Using TestExecutionListeners: [org.springframework.test.context.web.ServletTestExecutionListener@74a6f9c1, org.springframework.test.context.support.DirtiesContextBeforeModesTestExecutionListener@54eb2b70, org.springframework.boot.test.mock.mockito.MockitoTestExecutionListener@45a37759, org.springframework.boot.test.autoconfigure.SpringBootDependencyInjectionTestExecutionListener@63611043, org.springframework.test.context.support.DirtiesContextTestExecutionListener@20ca951f, org.springframework.test.context.transaction.TransactionalTestExecutionListener@2d778add, org.springframework.test.context.jdbc.SqlScriptsTestExecutionListener@73302995, org.springframework.test.context.event.EventPublishingTestExecutionListener@1838ccb8, org.springframework.security.test.context.support.WithSecurityContextTestExecutionListener@6c2ed0cd, org.springframework.security.test.context.support.ReactorContextTestExecutionListener@7d9e8ef7, org.springframework.boot.test.mock.mockito.ResetMocksTestExecutionListener@f107c50, org.springframework.boot.test.autoconfigure.restdocs.RestDocsTestExecutionListener@51133c06, org.springframework.boot.test.autoconfigure.web.client.MockRestServiceServerResetTestExecutionListener@4b213651, org.springframework.boot.test.autoconfigure.web.servlet.MockMvcPrintOnlyOnFailureTestExecutionListener@4241e0f4, org.springframework.boot.test.autoconfigure.web.servlet.WebDriverTestExecutionListener@4ebff610, org.springframework.boot.test.autoconfigure.webservices.client.MockWebServiceServerTestExecutionListener@60410cd]
13:06:11.152 [main] DEBUG org.springframework.test.annotation.ProfileValueUtils - Retrieved @ProfileValueSourceConfiguration [null] for test class [com.cognizant.authorization.model.ErrorResponseTest]
13:06:11.153 [main] DEBUG org.springframework.test.annotation.ProfileValueUtils - Retrieved ProfileValueSource type [class org.springframework.test.annotation.SystemProfileValueSource] for class [com.cognizant.authorization.model.ErrorResponseTest]
13:06:11.154 [main] DEBUG org.springframework.test.annotation.ProfileValueUtils - Retrieved @ProfileValueSourceConfiguration [null] for test class [com.cognizant.authorization.model.ErrorResponseTest]
13:06:11.154 [main] DEBUG org.springframework.test.annotation.ProfileValueUtils - Retrieved ProfileValueSource type [class org.springframework.test.annotation.SystemProfileValueSource] for class [com.cognizant.authorization.model.ErrorResponseTest]
13:06:11.154 [main] DEBUG org.springframework.test.annotation.ProfileValueUtils - Retrieved @ProfileValueSourceConfiguration [null] for test class [com.cognizant.authorization.model.ErrorResponseTest]
13:06:11.154 [main] DEBUG org.springframework.test.annotation.ProfileValueUtils - Retrieved ProfileValueSource type [class org.springframework.test.annotation.SystemProfileValueSource] for class [com.cognizant.authorization.model.ErrorResponseTest]
13:06:11.161 [main] DEBUG org.springframework.test.context.junit4.SpringJUnit4ClassRunner - SpringJUnit4ClassRunner constructor called with [class com.cognizant.authorization.model.JwtResponseTest]
13:06:11.163 [main] DEBUG org.springframework.test.context.BootstrapUtils - Instantiating CacheAwareContextLoaderDelegate from class [org.springframework.test.context.cache.DefaultCacheAwareContextLoaderDelegate]
13:06:11.164 [main] DEBUG org.springframework.test.context.BootstrapUtils - Instantiating BootstrapContext using constructor [public org.springframework.test.context.support.DefaultBootstrapContext(java.lang.Class,org.springframework.test.context.CacheAwareContextLoaderDelegate)]
13:06:11.165 [main] DEBUG org.springframework.test.context.BootstrapUtils - Instantiating TestContextBootstrapper for test class [com.cognizant.authorization.model.JwtResponseTest] from class [org.springframework.boot.test.context.SpringBootTestContextBootstrapper]
13:06:11.166 [main] INFO org.springframework.boot.test.context.SpringBootTestContextBootstrapper - Neither @ContextConfiguration nor @ContextHierarchy found for test class [com.cognizant.authorization.model.JwtResponseTest], using SpringBootContextLoader
13:06:11.167 [main] DEBUG org.springframework.test.context.support.AbstractContextLoader - Did not detect default resource location for test class [com.cognizant.authorization.model.JwtResponseTest]: class path resource [com/cognizant/authorization/model/JwtResponseTest-context.xml] does not exist
13:06:11.167 [main] DEBUG org.springframework.test.context.support.AbstractContextLoader - Did not detect default resource location for test class [com.cognizant.authorization.model.JwtResponseTest]: class path resource [com/cognizant/authorization/model/JwtResponseTestContext.groovy] does not exist
13:06:11.168 [main] INFO org.springframework.test.context.support.AbstractContextLoader - Could not detect default resource locations for test class [com.cognizant.authorization.model.JwtResponseTest]: no resource found for suffixes {-context.xml, Context.groovy}.
13:06:11.168 [main] INFO org.springframework.test.context.support.AnnotationConfigContextLoaderUtils - Could not detect default configuration classes for test class [com.cognizant.authorization.model.JwtResponseTest]: JwtResponseTest does not declare any static, non-private, non-final, nested classes annotated with @Configuration.
13:06:11.170 [main] DEBUG org.springframework.test.context.support.ActiveProfilesUtils - Could not find an 'annotation declaring class' for annotation type [org.springframework.test.context.ActiveProfiles] and class [com.cognizant.authorization.model.JwtResponseTest]
13:06:11.171 [main] INFO org.springframework.boot.test.context.SpringBootTestContextBootstrapper - Found @SpringBootConfiguration com.cognizant.authorization.AuthorizationServiceApplication for test class com.cognizant.authorization.model.JwtResponseTest
13:06:11.174 [main] DEBUG org.springframework.boot.test.context.SpringBootTestContextBootstrapper - @TestExecutionListeners is not present for class [com.cognizant.authorization.model.JwtResponseTest]: using defaults.
13:06:11.175 [main] INFO org.springframework.boot.test.context.SpringBootTestContextBootstrapper - Loaded default TestExecutionListener class names from location [META-INF/spring.factories]: [org.springframework.boot.test.mock.mockito.MockitoTestExecutionListener, org.springframework.boot.test.mock.mockito.ResetMocksTestExecutionListener, org.springframework.boot.test.autoconfigure.restdocs.RestDocsTestExecutionListener, org.springframework.boot.test.autoconfigure.web.client.MockRestServiceServerResetTestExecutionListener, org.springframework.boot.test.autoconfigure.web.servlet.MockMvcPrintOnlyOnFailureTestExecutionListener, org.springframework.boot.test.autoconfigure.web.servlet.WebDriverTestExecutionListener, org.springframework.boot.test.autoconfigure.webservices.client.MockWebServiceServerTestExecutionListener, org.springframework.test.context.web.ServletTestExecutionListener, org.springframework.test.context.support.DirtiesContextBeforeModesTestExecutionListener, org.springframework.test.context.support.DependencyInjectionTestExecutionListener, org.springframework.test.context.support.DirtiesContextTestExecutionListener, org.springframework.test.context.transaction.TransactionalTestExecutionListener, org.springframework.test.context.jdbc.SqlScriptsTestExecutionListener, org.springframework.test.context.event.EventPublishingTestExecutionListener, org.springframework.security.test.context.support.WithSecurityContextTestExecutionListener, org.springframework.security.test.context.support.ReactorContextTestExecutionListener]
13:06:11.176 [main] INFO org.springframework.boot.test.context.SpringBootTestContextBootstrapper - Using TestExecutionListeners: [org.springframework.test.context.web.ServletTestExecutionListener@36b4091c, org.springframework.test.context.support.DirtiesContextBeforeModesTestExecutionListener@4671115f, org.springframework.boot.test.mock.mockito.MockitoTestExecutionListener@36cda2c2, org.springframework.boot.test.autoconfigure.SpringBootDependencyInjectionTestExecutionListener@3697186, org.springframework.test.context.support.DirtiesContextTestExecutionListener@1583741e, org.springframework.test.context.transaction.TransactionalTestExecutionListener@5b367418, org.springframework.test.context.jdbc.SqlScriptsTestExecutionListener@36060e, org.springframework.test.context.event.EventPublishingTestExecutionListener@481ba2cf, org.springframework.security.test.context.support.WithSecurityContextTestExecutionListener@46b61c56, org.springframework.security.test.context.support.ReactorContextTestExecutionListener@2e48362c, org.springframework.boot.test.mock.mockito.ResetMocksTestExecutionListener@1efe439d, org.springframework.boot.test.autoconfigure.restdocs.RestDocsTestExecutionListener@be68757, org.springframework.boot.test.autoconfigure.web.client.MockRestServiceServerResetTestExecutionListener@7d446ed1, org.springframework.boot.test.autoconfigure.web.servlet.MockMvcPrintOnlyOnFailureTestExecutionListener@12d2ce03, org.springframework.boot.test.autoconfigure.web.servlet.WebDriverTestExecutionListener@7e5c856f, org.springframework.boot.test.autoconfigure.webservices.client.MockWebServiceServerTestExecutionListener@413f69cc]
13:06:11.176 [main] DEBUG org.springframework.test.annotation.ProfileValueUtils - Retrieved @ProfileValueSourceConfiguration [null] for test class [com.cognizant.authorization.model.JwtResponseTest]
13:06:11.177 [main] DEBUG org.springframework.test.annotation.ProfileValueUtils - Retrieved ProfileValueSource type [class org.springframework.test.annotation.SystemProfileValueSource] for class [com.cognizant.authorization.model.JwtResponseTest]
13:06:11.177 [main] DEBUG org.springframework.test.annotation.ProfileValueUtils - Retrieved @ProfileValueSourceConfiguration [null] for test class [com.cognizant.authorization.model.JwtResponseTest]
13:06:11.177 [main] DEBUG org.springframework.test.annotation.ProfileValueUtils - Retrieved ProfileValueSource type [class org.springframework.test.annotation.SystemProfileValueSource] for class [com.cognizant.authorization.model.JwtResponseTest]
13:06:11.178 [main] DEBUG org.springframework.test.annotation.ProfileValueUtils - Retrieved @ProfileValueSourceConfiguration [null] for test class [com.cognizant.authorization.model.JwtResponseTest]
13:06:11.178 [main] DEBUG org.springframework.test.annotation.ProfileValueUtils - Retrieved ProfileValueSource type [class org.springframework.test.annotation.SystemProfileValueSource] for class [com.cognizant.authorization.model.JwtResponseTest]
13:06:11.186 [main] DEBUG org.springframework.test.context.junit4.SpringJUnit4ClassRunner - SpringJUnit4ClassRunner constructor called with [class com.cognizant.authorization.model.MyUserTest]
13:06:11.186 [main] DEBUG org.springframework.test.context.BootstrapUtils - Instantiating CacheAwareContextLoaderDelegate from class [org.springframework.test.context.cache.DefaultCacheAwareContextLoaderDelegate]
13:06:11.186 [main] DEBUG org.springframework.test.context.BootstrapUtils - Instantiating BootstrapContext using constructor [public org.springframework.test.context.support.DefaultBootstrapContext(java.lang.Class,org.springframework.test.context.CacheAwareContextLoaderDelegate)]
13:06:11.188 [main] DEBUG org.springframework.test.context.BootstrapUtils - Instantiating TestContextBootstrapper for test class [com.cognizant.authorization.model.MyUserTest] from class [org.springframework.boot.test.context.SpringBootTestContextBootstrapper]
13:06:11.188 [main] INFO org.springframework.boot.test.context.SpringBootTestContextBootstrapper - Neither @ContextConfiguration nor @ContextHierarchy found for test class [com.cognizant.authorization.model.MyUserTest], using SpringBootContextLoader
13:06:11.189 [main] DEBUG org.springframework.test.context.support.AbstractContextLoader - Did not detect default resource location for test class [com.cognizant.authorization.model.MyUserTest]: class path resource [com/cognizant/authorization/model/MyUserTest-context.xml] does not exist
13:06:11.191 [main] DEBUG org.springframework.test.context.support.AbstractContextLoader - Did not detect default resource location for test class [com.cognizant.authorization.model.MyUserTest]: class path resource [com/cognizant/authorization/model/MyUserTestContext.groovy] does not exist
13:06:11.191 [main] INFO org.springframework.test.context.support.AbstractContextLoader - Could not detect default resource locations for test class [com.cognizant.authorization.model.MyUserTest]: no resource found for suffixes {-context.xml, Context.groovy}.
13:06:11.191 [main] INFO org.springframework.test.context.support.AnnotationConfigContextLoaderUtils - Could not detect default configuration classes for test class [com.cognizant.authorization.model.MyUserTest]: MyUserTest does not declare any static, non-private, non-final, nested classes annotated with @Configuration.
13:06:11.193 [main] DEBUG org.springframework.test.context.support.ActiveProfilesUtils - Could not find an 'annotation declaring class' for annotation type [org.springframework.test.context.ActiveProfiles] and class [com.cognizant.authorization.model.MyUserTest]
13:06:11.194 [main] INFO org.springframework.boot.test.context.SpringBootTestContextBootstrapper - Found @SpringBootConfiguration com.cognizant.authorization.AuthorizationServiceApplication for test class com.cognizant.authorization.model.MyUserTest
13:06:11.196 [main] DEBUG org.springframework.boot.test.context.SpringBootTestContextBootstrapper - @TestExecutionListeners is not present for class [com.cognizant.authorization.model.MyUserTest]: using defaults.
13:06:11.196 [main] INFO org.springframework.boot.test.context.SpringBootTestContextBootstrapper - Loaded default TestExecutionListener class names from location [META-INF/spring.factories]: [org.springframework.boot.test.mock.mockito.MockitoTestExecutionListener, org.springframework.boot.test.mock.mockito.ResetMocksTestExecutionListener, org.springframework.boot.test.autoconfigure.restdocs.RestDocsTestExecutionListener, org.springframework.boot.test.autoconfigure.web.client.MockRestServiceServerResetTestExecutionListener, org.springframework.boot.test.autoconfigure.web.servlet.MockMvcPrintOnlyOnFailureTestExecutionListener, org.springframework.boot.test.autoconfigure.web.servlet.WebDriverTestExecutionListener, org.springframework.boot.test.autoconfigure.webservices.client.MockWebServiceServerTestExecutionListener, org.springframework.test.context.web.ServletTestExecutionListener, org.springframework.test.context.support.DirtiesContextBeforeModesTestExecutionListener, org.springframework.test.context.support.DependencyInjectionTestExecutionListener, org.springframework.test.context.support.DirtiesContextTestExecutionListener, org.springframework.test.context.transaction.TransactionalTestExecutionListener, org.springframework.test.context.jdbc.SqlScriptsTestExecutionListener, org.springframework.test.context.event.EventPublishingTestExecutionListener, org.springframework.security.test.context.support.WithSecurityContextTestExecutionListener, org.springframework.security.test.context.support.ReactorContextTestExecutionListener]
13:06:11.197 [main] INFO org.springframework.boot.test.context.SpringBootTestContextBootstrapper - Using TestExecutionListeners: [org.springframework.test.context.web.ServletTestExecutionListener@327bcebd, org.springframework.test.context.support.DirtiesContextBeforeModesTestExecutionListener@19c65cdc, org.springframework.boot.test.mock.mockito.MockitoTestExecutionListener@74bf1791, org.springframework.boot.test.autoconfigure.SpringBootDependencyInjectionTestExecutionListener@54504ecd, org.springframework.test.context.support.DirtiesContextTestExecutionListener@38b27cdc, org.springframework.test.context.transaction.TransactionalTestExecutionListener@1339e7aa, org.springframework.test.context.jdbc.SqlScriptsTestExecutionListener@1fb669c3, org.springframework.test.context.event.EventPublishingTestExecutionListener@49c66ade, org.springframework.security.test.context.support.WithSecurityContextTestExecutionListener@6239aba6, org.springframework.security.test.context.support.ReactorContextTestExecutionListener@3e6104fc, org.springframework.boot.test.mock.mockito.ResetMocksTestExecutionListener@12359a82, org.springframework.boot.test.autoconfigure.restdocs.RestDocsTestExecutionListener@68df9280, org.springframework.boot.test.autoconfigure.web.client.MockRestServiceServerResetTestExecutionListener@479460a6, org.springframework.boot.test.autoconfigure.web.servlet.MockMvcPrintOnlyOnFailureTestExecutionListener@7164ca4c, org.springframework.boot.test.autoconfigure.web.servlet.WebDriverTestExecutionListener@4f3bbf68, org.springframework.boot.test.autoconfigure.webservices.client.MockWebServiceServerTestExecutionListener@5be46f9d]
13:06:11.198 [main] DEBUG org.springframework.test.annotation.ProfileValueUtils - Retrieved @ProfileValueSourceConfiguration [null] for test class [com.cognizant.authorization.model.MyUserTest]
13:06:11.198 [main] DEBUG org.springframework.test.annotation.ProfileValueUtils - Retrieved ProfileValueSource type [class org.springframework.test.annotation.SystemProfileValueSource] for class [com.cognizant.authorization.model.MyUserTest]
13:06:11.199 [main] DEBUG org.springframework.test.annotation.ProfileValueUtils - Retrieved @ProfileValueSourceConfiguration [null] for test class [com.cognizant.authorization.model.MyUserTest]
13:06:11.199 [main] DEBUG org.springframework.test.annotation.ProfileValueUtils - Retrieved ProfileValueSource type [class org.springframework.test.annotation.SystemProfileValueSource] for class [com.cognizant.authorization.model.MyUserTest]
13:06:11.199 [main] DEBUG org.springframework.test.annotation.ProfileValueUtils - Retrieved @ProfileValueSourceConfiguration [null] for test class [com.cognizant.authorization.model.MyUserTest]
13:06:11.199 [main] DEBUG org.springframework.test.annotation.ProfileValueUtils - Retrieved ProfileValueSource type [class org.springframework.test.annotation.SystemProfileValueSource] for class [com.cognizant.authorization.model.MyUserTest]
13:06:11.208 [main] DEBUG org.springframework.test.context.junit4.SpringJUnit4ClassRunner - SpringJUnit4ClassRunner constructor called with [class com.cognizant.authorization.model.TestUserLoginCredential]
13:06:11.208 [main] DEBUG org.springframework.test.context.BootstrapUtils - Instantiating CacheAwareContextLoaderDelegate from class [org.springframework.test.context.cache.DefaultCacheAwareContextLoaderDelegate]
13:06:11.209 [main] DEBUG org.springframework.test.context.BootstrapUtils - Instantiating BootstrapContext using constructor [public org.springframework.test.context.support.DefaultBootstrapContext(java.lang.Class,org.springframework.test.context.CacheAwareContextLoaderDelegate)]
13:06:11.210 [main] DEBUG org.springframework.test.context.BootstrapUtils - Instantiating TestContextBootstrapper for test class [com.cognizant.authorization.model.TestUserLoginCredential] from class [org.springframework.boot.test.context.SpringBootTestContextBootstrapper]
13:06:11.210 [main] INFO org.springframework.boot.test.context.SpringBootTestContextBootstrapper - Neither @ContextConfiguration nor @ContextHierarchy found for test class [com.cognizant.authorization.model.TestUserLoginCredential], using SpringBootContextLoader
13:06:11.212 [main] DEBUG org.springframework.test.context.support.AbstractContextLoader - Did not detect default resource location for test class [com.cognizant.authorization.model.TestUserLoginCredential]: class path resource [com/cognizant/authorization/model/TestUserLoginCredential-context.xml] does not exist
13:06:11.212 [main] DEBUG org.springframework.test.context.support.AbstractContextLoader - Did not detect default resource location for test class [com.cognizant.authorization.model.TestUserLoginCredential]: class path resource [com/cognizant/authorization/model/TestUserLoginCredentialContext.groovy] does not exist
13:06:11.213 [main] INFO org.springframework.test.context.support.AbstractContextLoader - Could not detect default resource locations for test class [com.cognizant.authorization.model.TestUserLoginCredential]: no resource found for suffixes {-context.xml, Context.groovy}.
13:06:11.213 [main] INFO org.springframework.test.context.support.AnnotationConfigContextLoaderUtils - Could not detect default configuration classes for test class [com.cognizant.authorization.model.TestUserLoginCredential]: TestUserLoginCredential does not declare any static, non-private, non-final, nested classes annotated with @Configuration.
13:06:11.215 [main] DEBUG org.springframework.test.context.support.ActiveProfilesUtils - Could not find an 'annotation declaring class' for annotation type [org.springframework.test.context.ActiveProfiles] and class [com.cognizant.authorization.model.TestUserLoginCredential]
13:06:11.215 [main] INFO org.springframework.boot.test.context.SpringBootTestContextBootstrapper - Found @SpringBootConfiguration com.cognizant.authorization.AuthorizationServiceApplication for test class com.cognizant.authorization.model.TestUserLoginCredential
13:06:11.217 [main] DEBUG org.springframework.boot.test.context.SpringBootTestContextBootstrapper - @TestExecutionListeners is not present for class [com.cognizant.authorization.model.TestUserLoginCredential]: using defaults.
13:06:11.217 [main] INFO org.springframework.boot.test.context.SpringBootTestContextBootstrapper - Loaded default TestExecutionListener class names from location [META-INF/spring.factories]: [org.springframework.boot.test.mock.mockito.MockitoTestExecutionListener, org.springframework.boot.test.mock.mockito.ResetMocksTestExecutionListener, org.springframework.boot.test.autoconfigure.restdocs.RestDocsTestExecutionListener, org.springframework.boot.test.autoconfigure.web.client.MockRestServiceServerResetTestExecutionListener, org.springframework.boot.test.autoconfigure.web.servlet.MockMvcPrintOnlyOnFailureTestExecutionListener, org.springframework.boot.test.autoconfigure.web.servlet.WebDriverTestExecutionListener, org.springframework.boot.test.autoconfigure.webservices.client.MockWebServiceServerTestExecutionListener, org.springframework.test.context.web.ServletTestExecutionListener, org.springframework.test.context.support.DirtiesContextBeforeModesTestExecutionListener, org.springframework.test.context.support.DependencyInjectionTestExecutionListener, org.springframework.test.context.support.DirtiesContextTestExecutionListener, org.springframework.test.context.transaction.TransactionalTestExecutionListener, org.springframework.test.context.jdbc.SqlScriptsTestExecutionListener, org.springframework.test.context.event.EventPublishingTestExecutionListener, org.springframework.security.test.context.support.WithSecurityContextTestExecutionListener, org.springframework.security.test.context.support.ReactorContextTestExecutionListener]
13:06:11.218 [main] INFO org.springframework.boot.test.context.SpringBootTestContextBootstrapper - Using TestExecutionListeners: [org.springframework.test.context.web.ServletTestExecutionListener@338c99c8, org.springframework.test.context.support.DirtiesContextBeforeModesTestExecutionListener@21ba0741, org.springframework.boot.test.mock.mockito.MockitoTestExecutionListener@58ce9668, org.springframework.boot.test.autoconfigure.SpringBootDependencyInjectionTestExecutionListener@172b013, org.springframework.test.context.support.DirtiesContextTestExecutionListener@56673b2c, org.springframework.test.context.transaction.TransactionalTestExecutionListener@2796aeae, org.springframework.test.context.jdbc.SqlScriptsTestExecutionListener@b4711e2, org.springframework.test.context.event.EventPublishingTestExecutionListener@1fa1cab1, org.springframework.security.test.context.support.WithSecurityContextTestExecutionListener@70f02c32, org.springframework.security.test.context.support.ReactorContextTestExecutionListener@62010f5c, org.springframework.boot.test.mock.mockito.ResetMocksTestExecutionListener@51fadaff, org.springframework.boot.test.autoconfigure.restdocs.RestDocsTestExecutionListener@401f7633, org.springframework.boot.test.autoconfigure.web.client.MockRestServiceServerResetTestExecutionListener@31ff43be, org.springframework.boot.test.autoconfigure.web.servlet.MockMvcPrintOnlyOnFailureTestExecutionListener@5b6ec132, org.springframework.boot.test.autoconfigure.web.servlet.WebDriverTestExecutionListener@5c44c582, org.springframework.boot.test.autoconfigure.webservices.client.MockWebServiceServerTestExecutionListener@67d18ed7]
13:06:11.218 [main] DEBUG org.springframework.test.annotation.ProfileValueUtils - Retrieved @ProfileValueSourceConfiguration [null] for test class [com.cognizant.authorization.model.TestUserLoginCredential]
13:06:11.219 [main] DEBUG org.springframework.test.annotation.ProfileValueUtils - Retrieved ProfileValueSource type [class org.springframework.test.annotation.SystemProfileValueSource] for class [com.cognizant.authorization.model.TestUserLoginCredential]
13:06:11.219 [main] DEBUG org.springframework.test.annotation.ProfileValueUtils - Retrieved @ProfileValueSourceConfiguration [null] for test class [com.cognizant.authorization.model.TestUserLoginCredential]
13:06:11.219 [main] DEBUG org.springframework.test.annotation.ProfileValueUtils - Retrieved ProfileValueSource type [class org.springframework.test.annotation.SystemProfileValueSource] for class [com.cognizant.authorization.model.TestUserLoginCredential]
13:06:11.220 [main] DEBUG org.springframework.test.annotation.ProfileValueUtils - Retrieved @ProfileValueSourceConfiguration [null] for test class [com.cognizant.authorization.model.TestUserLoginCredential]
13:06:11.220 [main] DEBUG org.springframework.test.annotation.ProfileValueUtils - Retrieved ProfileValueSource type [class org.springframework.test.annotation.SystemProfileValueSource] for class [com.cognizant.authorization.model.TestUserLoginCredential]
13:06:11.226 [main] DEBUG org.springframework.test.context.junit4.SpringJUnit4ClassRunner - SpringJUnit4ClassRunner constructor called with [class com.cognizant.authorization.model.UserTokenTest]
13:06:11.226 [main] DEBUG org.springframework.test.context.BootstrapUtils - Instantiating CacheAwareContextLoaderDelegate from class [org.springframework.test.context.cache.DefaultCacheAwareContextLoaderDelegate]
13:06:11.226 [main] DEBUG org.springframework.test.context.BootstrapUtils - Instantiating BootstrapContext using constructor [public org.springframework.test.context.support.DefaultBootstrapContext(java.lang.Class,org.springframework.test.context.CacheAwareContextLoaderDelegate)]
13:06:11.227 [main] DEBUG org.springframework.test.context.BootstrapUtils - Instantiating TestContextBootstrapper for test class [com.cognizant.authorization.model.UserTokenTest] from class [org.springframework.boot.test.context.SpringBootTestContextBootstrapper]
13:06:11.227 [main] INFO org.springframework.boot.test.context.SpringBootTestContextBootstrapper - Neither @ContextConfiguration nor @ContextHierarchy found for test class [com.cognizant.authorization.model.UserTokenTest], using SpringBootContextLoader
13:06:11.228 [main] DEBUG org.springframework.test.context.support.AbstractContextLoader - Did not detect default resource location for test class [com.cognizant.authorization.model.UserTokenTest]: class path resource [com/cognizant/authorization/model/UserTokenTest-context.xml] does not exist
13:06:11.239 [main] DEBUG org.springframework.test.context.support.AbstractContextLoader - Did not detect default resource location for test class [com.cognizant.authorization.model.UserTokenTest]: class path resource [com/cognizant/authorization/model/UserTokenTestContext.groovy] does not exist
13:06:11.240 [main] INFO org.springframework.test.context.support.AbstractContextLoader - Could not detect default resource locations for test class [com.cognizant.authorization.model.UserTokenTest]: no resource found for suffixes {-context.xml, Context.groovy}.
13:06:11.240 [main] INFO org.springframework.test.context.support.AnnotationConfigContextLoaderUtils - Could not detect default configuration classes for test class [com.cognizant.authorization.model.UserTokenTest]: UserTokenTest does not declare any static, non-private, non-final, nested classes annotated with @Configuration.
13:06:11.242 [main] DEBUG org.springframework.test.context.support.ActiveProfilesUtils - Could not find an 'annotation declaring class' for annotation type [org.springframework.test.context.ActiveProfiles] and class [com.cognizant.authorization.model.UserTokenTest]
13:06:11.242 [main] INFO org.springframework.boot.test.context.SpringBootTestContextBootstrapper - Found @SpringBootConfiguration com.cognizant.authorization.AuthorizationServiceApplication for test class com.cognizant.authorization.model.UserTokenTest
13:06:11.244 [main] DEBUG org.springframework.boot.test.context.SpringBootTestContextBootstrapper - @TestExecutionListeners is not present for class [com.cognizant.authorization.model.UserTokenTest]: using defaults.
13:06:11.244 [main] INFO org.springframework.boot.test.context.SpringBootTestContextBootstrapper - Loaded default TestExecutionListener class names from location [META-INF/spring.factories]: [org.springframework.boot.test.mock.mockito.MockitoTestExecutionListener, org.springframework.boot.test.mock.mockito.ResetMocksTestExecutionListener, org.springframework.boot.test.autoconfigure.restdocs.RestDocsTestExecutionListener, org.springframework.boot.test.autoconfigure.web.client.MockRestServiceServerResetTestExecutionListener, org.springframework.boot.test.autoconfigure.web.servlet.MockMvcPrintOnlyOnFailureTestExecutionListener, org.springframework.boot.test.autoconfigure.web.servlet.WebDriverTestExecutionListener, org.springframework.boot.test.autoconfigure.webservices.client.MockWebServiceServerTestExecutionListener, org.springframework.test.context.web.ServletTestExecutionListener, org.springframework.test.context.support.DirtiesContextBeforeModesTestExecutionListener, org.springframework.test.context.support.DependencyInjectionTestExecutionListener, org.springframework.test.context.support.DirtiesContextTestExecutionListener, org.springframework.test.context.transaction.TransactionalTestExecutionListener, org.springframework.test.context.jdbc.SqlScriptsTestExecutionListener, org.springframework.test.context.event.EventPublishingTestExecutionListener, org.springframework.security.test.context.support.WithSecurityContextTestExecutionListener, org.springframework.security.test.context.support.ReactorContextTestExecutionListener]
13:06:11.245 [main] INFO org.springframework.boot.test.context.SpringBootTestContextBootstrapper - Using TestExecutionListeners: [org.springframework.test.context.web.ServletTestExecutionListener@7b205dbd, org.springframework.test.context.support.DirtiesContextBeforeModesTestExecutionListener@106cc338, org.springframework.boot.test.mock.mockito.MockitoTestExecutionListener@7a67e3c6, org.springframework.boot.test.autoconfigure.SpringBootDependencyInjectionTestExecutionListener@6cc558c6, org.springframework.test.context.support.DirtiesContextTestExecutionListener@15713d56, org.springframework.test.context.transaction.TransactionalTestExecutionListener@63f259c3, org.springframework.test.context.jdbc.SqlScriptsTestExecutionListener@26ceffa8, org.springframework.test.context.event.EventPublishingTestExecutionListener@600b90df, org.springframework.security.test.context.support.WithSecurityContextTestExecutionListener@7c8c9a05, org.springframework.security.test.context.support.ReactorContextTestExecutionListener@d41f816, org.springframework.boot.test.mock.mockito.ResetMocksTestExecutionListener@5c2375a9, org.springframework.boot.test.autoconfigure.restdocs.RestDocsTestExecutionListener@60129b9a, org.springframework.boot.test.autoconfigure.web.client.MockRestServiceServerResetTestExecutionListener@78d6692f, org.springframework.boot.test.autoconfigure.web.servlet.MockMvcPrintOnlyOnFailureTestExecutionListener@7a55af6b, org.springframework.boot.test.autoconfigure.web.servlet.WebDriverTestExecutionListener@3d9c13b5, org.springframework.boot.test.autoconfigure.webservices.client.MockWebServiceServerTestExecutionListener@492691d7]
13:06:11.245 [main] DEBUG org.springframework.test.annotation.ProfileValueUtils - Retrieved @ProfileValueSourceConfiguration [null] for test class [com.cognizant.authorization.model.UserTokenTest]
13:06:11.245 [main] DEBUG org.springframework.test.annotation.ProfileValueUtils - Retrieved ProfileValueSource type [class org.springframework.test.annotation.SystemProfileValueSource] for class [com.cognizant.authorization.model.UserTokenTest]
13:06:11.245 [main] DEBUG org.springframework.test.annotation.ProfileValueUtils - Retrieved @ProfileValueSourceConfiguration [null] for test class [com.cognizant.authorization.model.UserTokenTest]
13:06:11.245 [main] DEBUG org.springframework.test.annotation.ProfileValueUtils - Retrieved ProfileValueSource type [class org.springframework.test.annotation.SystemProfileValueSource] for class [com.cognizant.authorization.model.UserTokenTest]
13:06:11.246 [main] DEBUG org.springframework.test.annotation.ProfileValueUtils - Retrieved @ProfileValueSourceConfiguration [null] for test class [com.cognizant.authorization.model.UserTokenTest]
13:06:11.246 [main] DEBUG org.springframework.test.annotation.ProfileValueUtils - Retrieved ProfileValueSource type [class org.springframework.test.annotation.SystemProfileValueSource] for class [com.cognizant.authorization.model.UserTokenTest]
13:06:11.252 [main] DEBUG org.springframework.test.context.junit4.SpringJUnit4ClassRunner - SpringJUnit4ClassRunner constructor called with [class com.cognizant.authorization.model.ErrorResponseTest]
13:06:11.254 [main] DEBUG org.springframework.test.context.BootstrapUtils - Instantiating CacheAwareContextLoaderDelegate from class [org.springframework.test.context.cache.DefaultCacheAwareContextLoaderDelegate]
13:06:11.254 [main] DEBUG org.springframework.test.context.BootstrapUtils - Instantiating BootstrapContext using constructor [public org.springframework.test.context.support.DefaultBootstrapContext(java.lang.Class,org.springframework.test.context.CacheAwareContextLoaderDelegate)]
13:06:11.254 [main] DEBUG org.springframework.test.context.BootstrapUtils - Instantiating TestContextBootstrapper for test class [com.cognizant.authorization.model.ErrorResponseTest] from class [org.springframework.boot.test.context.SpringBootTestContextBootstrapper]
13:06:11.255 [main] INFO org.springframework.boot.test.context.SpringBootTestContextBootstrapper - Neither @ContextConfiguration nor @ContextHierarchy found for test class [com.cognizant.authorization.model.ErrorResponseTest], using SpringBootContextLoader
13:06:11.256 [main] DEBUG org.springframework.test.context.support.AbstractContextLoader - Did not detect default resource location for test class [com.cognizant.authorization.model.ErrorResponseTest]: class path resource [com/cognizant/authorization/model/ErrorResponseTest-context.xml] does not exist
13:06:11.256 [main] DEBUG org.springframework.test.context.support.AbstractContextLoader - Did not detect default resource location for test class [com.cognizant.authorization.model.ErrorResponseTest]: class path resource [com/cognizant/authorization/model/ErrorResponseTestContext.groovy] does not exist
13:06:11.256 [main] INFO org.springframework.test.context.support.AbstractContextLoader - Could not detect default resource locations for test class [com.cognizant.authorization.model.ErrorResponseTest]: no resource found for suffixes {-context.xml, Context.groovy}.
13:06:11.256 [main] INFO org.springframework.test.context.support.AnnotationConfigContextLoaderUtils - Could not detect default configuration classes for test class [com.cognizant.authorization.model.ErrorResponseTest]: ErrorResponseTest does not declare any static, non-private, non-final, nested classes annotated with @Configuration.
13:06:11.258 [main] DEBUG org.springframework.test.context.support.ActiveProfilesUtils - Could not find an 'annotation declaring class' for annotation type [org.springframework.test.context.ActiveProfiles] and class [com.cognizant.authorization.model.ErrorResponseTest]
13:06:11.258 [main] INFO org.springframework.boot.test.context.SpringBootTestContextBootstrapper - Found @SpringBootConfiguration com.cognizant.authorization.AuthorizationServiceApplication for test class com.cognizant.authorization.model.ErrorResponseTest
13:06:11.260 [main] DEBUG org.springframework.boot.test.context.SpringBootTestContextBootstrapper - @TestExecutionListeners is not present for class [com.cognizant.authorization.model.ErrorResponseTest]: using defaults.
13:06:11.260 [main] INFO org.springframework.boot.test.context.SpringBootTestContextBootstrapper - Loaded default TestExecutionListener class names from location [META-INF/spring.factories]: [org.springframework.boot.test.mock.mockito.MockitoTestExecutionListener, org.springframework.boot.test.mock.mockito.ResetMocksTestExecutionListener, org.springframework.boot.test.autoconfigure.restdocs.RestDocsTestExecutionListener, org.springframework.boot.test.autoconfigure.web.client.MockRestServiceServerResetTestExecutionListener, org.springframework.boot.test.autoconfigure.web.servlet.MockMvcPrintOnlyOnFailureTestExecutionListener, org.springframework.boot.test.autoconfigure.web.servlet.WebDriverTestExecutionListener, org.springframework.boot.test.autoconfigure.webservices.client.MockWebServiceServerTestExecutionListener, org.springframework.test.context.web.ServletTestExecutionListener, org.springframework.test.context.support.DirtiesContextBeforeModesTestExecutionListener, org.springframework.test.context.support.DependencyInjectionTestExecutionListener, org.springframework.test.context.support.DirtiesContextTestExecutionListener, org.springframework.test.context.transaction.TransactionalTestExecutionListener, org.springframework.test.context.jdbc.SqlScriptsTestExecutionListener, org.springframework.test.context.event.EventPublishingTestExecutionListener, org.springframework.security.test.context.support.WithSecurityContextTestExecutionListener, org.springframework.security.test.context.support.ReactorContextTestExecutionListener]
13:06:11.260 [main] INFO org.springframework.boot.test.context.SpringBootTestContextBootstrapper - Using TestExecutionListeners: [org.springframework.test.context.web.ServletTestExecutionListener@416c58f5, org.springframework.test.context.support.DirtiesContextBeforeModesTestExecutionListener@5505ae1a, org.springframework.boot.test.mock.mockito.MockitoTestExecutionListener@73cd37c0, org.springframework.boot.test.autoconfigure.SpringBootDependencyInjectionTestExecutionListener@21337f7b, org.springframework.test.context.support.DirtiesContextTestExecutionListener@2bb3058, org.springframework.test.context.transaction.TransactionalTestExecutionListener@7a362b6b, org.springframework.test.context.jdbc.SqlScriptsTestExecutionListener@60df60da, org.springframework.test.context.event.EventPublishingTestExecutionListener@5a2d131d, org.springframework.security.test.context.support.WithSecurityContextTestExecutionListener@14fc1f0, org.springframework.security.test.context.support.ReactorContextTestExecutionListener@4ae9cfc1, org.springframework.boot.test.mock.mockito.ResetMocksTestExecutionListener@512baff6, org.springframework.boot.test.autoconfigure.restdocs.RestDocsTestExecutionListener@632ceb35, org.springframework.boot.test.autoconfigure.web.client.MockRestServiceServerResetTestExecutionListener@1c93f6e1, org.springframework.boot.test.autoconfigure.web.servlet.MockMvcPrintOnlyOnFailureTestExecutionListener@1800a575, org.springframework.boot.test.autoconfigure.web.servlet.WebDriverTestExecutionListener@1458ed9c, org.springframework.boot.test.autoconfigure.webservices.client.MockWebServiceServerTestExecutionListener@10a9d961]
13:06:11.261 [main] DEBUG org.springframework.test.annotation.ProfileValueUtils - Retrieved @ProfileValueSourceConfiguration [null] for test class [com.cognizant.authorization.model.ErrorResponseTest]
13:06:11.261 [main] DEBUG org.springframework.test.annotation.ProfileValueUtils - Retrieved ProfileValueSource type [class org.springframework.test.annotation.SystemProfileValueSource] for class [com.cognizant.authorization.model.ErrorResponseTest]
13:06:11.261 [main] DEBUG org.springframework.test.annotation.ProfileValueUtils - Retrieved @ProfileValueSourceConfiguration [null] for test class [com.cognizant.authorization.model.ErrorResponseTest]
13:06:11.261 [main] DEBUG org.springframework.test.annotation.ProfileValueUtils - Retrieved ProfileValueSource type [class org.springframework.test.annotation.SystemProfileValueSource] for class [com.cognizant.authorization.model.ErrorResponseTest]
13:06:11.261 [main] DEBUG org.springframework.test.annotation.ProfileValueUtils - Retrieved @ProfileValueSourceConfiguration [null] for test class [com.cognizant.authorization.model.ErrorResponseTest]
13:06:11.261 [main] DEBUG org.springframework.test.annotation.ProfileValueUtils - Retrieved ProfileValueSource type [class org.springframework.test.annotation.SystemProfileValueSource] for class [com.cognizant.authorization.model.ErrorResponseTest]
13:06:11.262 [main] DEBUG org.springframework.test.context.junit4.SpringJUnit4ClassRunner - SpringJUnit4ClassRunner constructor called with [class com.cognizant.authorization.model.JwtResponseTest]
13:06:11.262 [main] DEBUG org.springframework.test.context.BootstrapUtils - Instantiating CacheAwareContextLoaderDelegate from class [org.springframework.test.context.cache.DefaultCacheAwareContextLoaderDelegate]
13:06:11.262 [main] DEBUG org.springframework.test.context.BootstrapUtils - Instantiating BootstrapContext using constructor [public org.springframework.test.context.support.DefaultBootstrapContext(java.lang.Class,org.springframework.test.context.CacheAwareContextLoaderDelegate)]
13:06:11.262 [main] DEBUG org.springframework.test.context.BootstrapUtils - Instantiating TestContextBootstrapper for test class [com.cognizant.authorization.model.JwtResponseTest] from class [org.springframework.boot.test.context.SpringBootTestContextBootstrapper]
13:06:11.263 [main] INFO org.springframework.boot.test.context.SpringBootTestContextBootstrapper - Neither @ContextConfiguration nor @ContextHierarchy found for test class [com.cognizant.authorization.model.JwtResponseTest], using SpringBootContextLoader
13:06:11.263 [main] DEBUG org.springframework.test.context.support.AbstractContextLoader - Did not detect default resource location for test class [com.cognizant.authorization.model.JwtResponseTest]: class path resource [com/cognizant/authorization/model/JwtResponseTest-context.xml] does not exist
13:06:11.263 [main] DEBUG org.springframework.test.context.support.AbstractContextLoader - Did not detect default resource location for test class [com.cognizant.authorization.model.JwtResponseTest]: class path resource [com/cognizant/authorization/model/JwtResponseTestContext.groovy] does not exist
13:06:11.264 [main] INFO org.springframework.test.context.support.AbstractContextLoader - Could not detect default resource locations for test class [com.cognizant.authorization.model.JwtResponseTest]: no resource found for suffixes {-context.xml, Context.groovy}.
13:06:11.264 [main] INFO org.springframework.test.context.support.AnnotationConfigContextLoaderUtils - Could not detect default configuration classes for test class [com.cognizant.authorization.model.JwtResponseTest]: JwtResponseTest does not declare any static, non-private, non-final, nested classes annotated with @Configuration.
13:06:11.265 [main] DEBUG org.springframework.test.context.support.ActiveProfilesUtils - Could not find an 'annotation declaring class' for annotation type [org.springframework.test.context.ActiveProfiles] and class [com.cognizant.authorization.model.JwtResponseTest]
13:06:11.266 [main] INFO org.springframework.boot.test.context.SpringBootTestContextBootstrapper - Found @SpringBootConfiguration com.cognizant.authorization.AuthorizationServiceApplication for test class com.cognizant.authorization.model.JwtResponseTest
13:06:11.268 [main] DEBUG org.springframework.boot.test.context.SpringBootTestContextBootstrapper - @TestExecutionListeners is not present for class [com.cognizant.authorization.model.JwtResponseTest]: using defaults.
13:06:11.268 [main] INFO org.springframework.boot.test.context.SpringBootTestContextBootstrapper - Loaded default TestExecutionListener class names from location [META-INF/spring.factories]: [org.springframework.boot.test.mock.mockito.MockitoTestExecutionListener, org.springframework.boot.test.mock.mockito.ResetMocksTestExecutionListener, org.springframework.boot.test.autoconfigure.restdocs.RestDocsTestExecutionListener, org.springframework.boot.test.autoconfigure.web.client.MockRestServiceServerResetTestExecutionListener, org.springframework.boot.test.autoconfigure.web.servlet.MockMvcPrintOnlyOnFailureTestExecutionListener, org.springframework.boot.test.autoconfigure.web.servlet.WebDriverTestExecutionListener, org.springframework.boot.test.autoconfigure.webservices.client.MockWebServiceServerTestExecutionListener, org.springframework.test.context.web.ServletTestExecutionListener, org.springframework.test.context.support.DirtiesContextBeforeModesTestExecutionListener, org.springframework.test.context.support.DependencyInjectionTestExecutionListener, org.springframework.test.context.support.DirtiesContextTestExecutionListener, org.springframework.test.context.transaction.TransactionalTestExecutionListener, org.springframework.test.context.jdbc.SqlScriptsTestExecutionListener, org.springframework.test.context.event.EventPublishingTestExecutionListener, org.springframework.security.test.context.support.WithSecurityContextTestExecutionListener, org.springframework.security.test.context.support.ReactorContextTestExecutionListener]
13:06:11.269 [main] INFO org.springframework.boot.test.context.SpringBootTestContextBootstrapper - Using TestExecutionListeners: [org.springframework.test.context.web.ServletTestExecutionListener@e383572, org.springframework.test.context.support.DirtiesContextBeforeModesTestExecutionListener@5ddf0d24, org.springframework.boot.test.mock.mockito.MockitoTestExecutionListener@363a52f, org.springframework.boot.test.autoconfigure.SpringBootDependencyInjectionTestExecutionListener@60856961, org.springframework.test.context.support.DirtiesContextTestExecutionListener@2fd953a6, org.springframework.test.context.transaction.TransactionalTestExecutionListener@a4add54, org.springframework.test.context.jdbc.SqlScriptsTestExecutionListener@141e5bef, org.springframework.test.context.event.EventPublishingTestExecutionListener@5f9be66c, org.springframework.security.test.context.support.WithSecurityContextTestExecutionListener@3abada5a, org.springframework.security.test.context.support.ReactorContextTestExecutionListener@66c61024, org.springframework.boot.test.mock.mockito.ResetMocksTestExecutionListener@61fe30, org.springframework.boot.test.autoconfigure.restdocs.RestDocsTestExecutionListener@c9d0d6, org.springframework.boot.test.autoconfigure.web.client.MockRestServiceServerResetTestExecutionListener@6ccdb29f, org.springframework.boot.test.autoconfigure.web.servlet.MockMvcPrintOnlyOnFailureTestExecutionListener@3adcc812, org.springframework.boot.test.autoconfigure.web.servlet.WebDriverTestExecutionListener@35432107, org.springframework.boot.test.autoconfigure.webservices.client.MockWebServiceServerTestExecutionListener@7b420819]
13:06:11.269 [main] DEBUG org.springframework.test.annotation.ProfileValueUtils - Retrieved @ProfileValueSourceConfiguration [null] for test class [com.cognizant.authorization.model.JwtResponseTest]
13:06:11.269 [main] DEBUG org.springframework.test.annotation.ProfileValueUtils - Retrieved ProfileValueSource type [class org.springframework.test.annotation.SystemProfileValueSource] for class [com.cognizant.authorization.model.JwtResponseTest]
13:06:11.269 [main] DEBUG org.springframework.test.annotation.ProfileValueUtils - Retrieved @ProfileValueSourceConfiguration [null] for test class [com.cognizant.authorization.model.JwtResponseTest]
13:06:11.269 [main] DEBUG org.springframework.test.annotation.ProfileValueUtils - Retrieved ProfileValueSource type [class org.springframework.test.annotation.SystemProfileValueSource] for class [com.cognizant.authorization.model.JwtResponseTest]
13:06:11.270 [main] DEBUG org.springframework.test.annotation.ProfileValueUtils - Retrieved @ProfileValueSourceConfiguration [null] for test class [com.cognizant.authorization.model.JwtResponseTest]
13:06:11.270 [main] DEBUG org.springframework.test.annotation.ProfileValueUtils - Retrieved ProfileValueSource type [class org.springframework.test.annotation.SystemProfileValueSource] for class [com.cognizant.authorization.model.JwtResponseTest]
13:06:11.270 [main] DEBUG org.springframework.test.context.junit4.SpringJUnit4ClassRunner - SpringJUnit4ClassRunner constructor called with [class com.cognizant.authorization.model.MyUserTest]
13:06:11.276 [main] DEBUG org.springframework.test.context.BootstrapUtils - Instantiating CacheAwareContextLoaderDelegate from class [org.springframework.test.context.cache.DefaultCacheAwareContextLoaderDelegate]
13:06:11.277 [main] DEBUG org.springframework.test.context.BootstrapUtils - Instantiating BootstrapContext using constructor [public org.springframework.test.context.support.DefaultBootstrapContext(java.lang.Class,org.springframework.test.context.CacheAwareContextLoaderDelegate)]
13:06:11.277 [main] DEBUG org.springframework.test.context.BootstrapUtils - Instantiating TestContextBootstrapper for test class [com.cognizant.authorization.model.MyUserTest] from class [org.springframework.boot.test.context.SpringBootTestContextBootstrapper]
13:06:11.278 [main] INFO org.springframework.boot.test.context.SpringBootTestContextBootstrapper - Neither @ContextConfiguration nor @ContextHierarchy found for test class [com.cognizant.authorization.model.MyUserTest], using SpringBootContextLoader
13:06:11.279 [main] DEBUG org.springframework.test.context.support.AbstractContextLoader - Did not detect default resource location for test class [com.cognizant.authorization.model.MyUserTest]: class path resource [com/cognizant/authorization/model/MyUserTest-context.xml] does not exist
13:06:11.279 [main] DEBUG org.springframework.test.context.support.AbstractContextLoader - Did not detect default resource location for test class [com.cognizant.authorization.model.MyUserTest]: class path resource [com/cognizant/authorization/model/MyUserTestContext.groovy] does not exist
13:06:11.279 [main] INFO org.springframework.test.context.support.AbstractContextLoader - Could not detect default resource locations for test class [com.cognizant.authorization.model.MyUserTest]: no resource found for suffixes {-context.xml, Context.groovy}.
13:06:11.279 [main] INFO org.springframework.test.context.support.AnnotationConfigContextLoaderUtils - Could not detect default configuration classes for test class [com.cognizant.authorization.model.MyUserTest]: MyUserTest does not declare any static, non-private, non-final, nested classes annotated with @Configuration.
13:06:11.281 [main] DEBUG org.springframework.test.context.support.ActiveProfilesUtils - Could not find an 'annotation declaring class' for annotation type [org.springframework.test.context.ActiveProfiles] and class [com.cognizant.authorization.model.MyUserTest]
13:06:11.281 [main] INFO org.springframework.boot.test.context.SpringBootTestContextBootstrapper - Found @SpringBootConfiguration com.cognizant.authorization.AuthorizationServiceApplication for test class com.cognizant.authorization.model.MyUserTest
13:06:11.282 [main] DEBUG org.springframework.boot.test.context.SpringBootTestContextBootstrapper - @TestExecutionListeners is not present for class [com.cognizant.authorization.model.MyUserTest]: using defaults.
13:06:11.283 [main] INFO org.springframework.boot.test.context.SpringBootTestContextBootstrapper - Loaded default TestExecutionListener class names from location [META-INF/spring.factories]: [org.springframework.boot.test.mock.mockito.MockitoTestExecutionListener, org.springframework.boot.test.mock.mockito.ResetMocksTestExecutionListener, org.springframework.boot.test.autoconfigure.restdocs.RestDocsTestExecutionListener, org.springframework.boot.test.autoconfigure.web.client.MockRestServiceServerResetTestExecutionListener, org.springframework.boot.test.autoconfigure.web.servlet.MockMvcPrintOnlyOnFailureTestExecutionListener, org.springframework.boot.test.autoconfigure.web.servlet.WebDriverTestExecutionListener, org.springframework.boot.test.autoconfigure.webservices.client.MockWebServiceServerTestExecutionListener, org.springframework.test.context.web.ServletTestExecutionListener, org.springframework.test.context.support.DirtiesContextBeforeModesTestExecutionListener, org.springframework.test.context.support.DependencyInjectionTestExecutionListener, org.springframework.test.context.support.DirtiesContextTestExecutionListener, org.springframework.test.context.transaction.TransactionalTestExecutionListener, org.springframework.test.context.jdbc.SqlScriptsTestExecutionListener, org.springframework.test.context.event.EventPublishingTestExecutionListener, org.springframework.security.test.context.support.WithSecurityContextTestExecutionListener, org.springframework.security.test.context.support.ReactorContextTestExecutionListener]
13:06:11.283 [main] INFO org.springframework.boot.test.context.SpringBootTestContextBootstrapper - Using TestExecutionListeners: [org.springframework.test.context.web.ServletTestExecutionListener@61544ae6, org.springframework.test.context.support.DirtiesContextBeforeModesTestExecutionListener@4b41dd5c, org.springframework.boot.test.mock.mockito.MockitoTestExecutionListener@3b96c42e, org.springframework.boot.test.autoconfigure.SpringBootDependencyInjectionTestExecutionListener@5d066c7d, org.springframework.test.context.support.DirtiesContextTestExecutionListener@1e461e41, org.springframework.test.context.transaction.TransactionalTestExecutionListener@5ba88be8, org.springframework.test.context.jdbc.SqlScriptsTestExecutionListener@56928307, org.springframework.test.context.event.EventPublishingTestExecutionListener@3899782c, org.springframework.security.test.context.support.WithSecurityContextTestExecutionListener@1603cd68, org.springframework.security.test.context.support.ReactorContextTestExecutionListener@9ebe38b, org.springframework.boot.test.mock.mockito.ResetMocksTestExecutionListener@4b23c30a, org.springframework.boot.test.autoconfigure.restdocs.RestDocsTestExecutionListener@38089a5a, org.springframework.boot.test.autoconfigure.web.client.MockRestServiceServerResetTestExecutionListener@30e868be, org.springframework.boot.test.autoconfigure.web.servlet.MockMvcPrintOnlyOnFailureTestExecutionListener@66c92293, org.springframework.boot.test.autoconfigure.web.servlet.WebDriverTestExecutionListener@332796d3, org.springframework.boot.test.autoconfigure.webservices.client.MockWebServiceServerTestExecutionListener@4f0100a7]
13:06:11.283 [main] DEBUG org.springframework.test.annotation.ProfileValueUtils - Retrieved @ProfileValueSourceConfiguration [null] for test class [com.cognizant.authorization.model.MyUserTest]
13:06:11.283 [main] DEBUG org.springframework.test.annotation.ProfileValueUtils - Retrieved ProfileValueSource type [class org.springframework.test.annotation.SystemProfileValueSource] for class [com.cognizant.authorization.model.MyUserTest]
13:06:11.284 [main] DEBUG org.springframework.test.annotation.ProfileValueUtils - Retrieved @ProfileValueSourceConfiguration [null] for test class [com.cognizant.authorization.model.MyUserTest]
13:06:11.284 [main] DEBUG org.springframework.test.annotation.ProfileValueUtils - Retrieved ProfileValueSource type [class org.springframework.test.annotation.SystemProfileValueSource] for class [com.cognizant.authorization.model.MyUserTest]
13:06:11.284 [main] DEBUG org.springframework.test.annotation.ProfileValueUtils - Retrieved @ProfileValueSourceConfiguration [null] for test class [com.cognizant.authorization.model.MyUserTest]
13:06:11.284 [main] DEBUG org.springframework.test.annotation.ProfileValueUtils - Retrieved ProfileValueSource type [class org.springframework.test.annotation.SystemProfileValueSource] for class [com.cognizant.authorization.model.MyUserTest]
13:06:11.285 [main] DEBUG org.springframework.test.context.junit4.SpringJUnit4ClassRunner - SpringJUnit4ClassRunner constructor called with [class com.cognizant.authorization.model.TestUserLoginCredential]
13:06:11.285 [main] DEBUG org.springframework.test.context.BootstrapUtils - Instantiating CacheAwareContextLoaderDelegate from class [org.springframework.test.context.cache.DefaultCacheAwareContextLoaderDelegate]
13:06:11.285 [main] DEBUG org.springframework.test.context.BootstrapUtils - Instantiating BootstrapContext using constructor [public org.springframework.test.context.support.DefaultBootstrapContext(java.lang.Class,org.springframework.test.context.CacheAwareContextLoaderDelegate)]
13:06:11.285 [main] DEBUG org.springframework.test.context.BootstrapUtils - Instantiating TestContextBootstrapper for test class [com.cognizant.authorization.model.TestUserLoginCredential] from class [org.springframework.boot.test.context.SpringBootTestContextBootstrapper]
13:06:11.285 [main] INFO org.springframework.boot.test.context.SpringBootTestContextBootstrapper - Neither @ContextConfiguration nor @ContextHierarchy found for test class [com.cognizant.authorization.model.TestUserLoginCredential], using SpringBootContextLoader
13:06:11.286 [main] DEBUG org.springframework.test.context.support.AbstractContextLoader - Did not detect default resource location for test class [com.cognizant.authorization.model.TestUserLoginCredential]: class path resource [com/cognizant/authorization/model/TestUserLoginCredential-context.xml] does not exist
13:06:11.286 [main] DEBUG org.springframework.test.context.support.AbstractContextLoader - Did not detect default resource location for test class [com.cognizant.authorization.model.TestUserLoginCredential]: class path resource [com/cognizant/authorization/model/TestUserLoginCredentialContext.groovy] does not exist
13:06:11.286 [main] INFO org.springframework.test.context.support.AbstractContextLoader - Could not detect default resource locations for test class [com.cognizant.authorization.model.TestUserLoginCredential]: no resource found for suffixes {-context.xml, Context.groovy}.
13:06:11.286 [main] INFO org.springframework.test.context.support.AnnotationConfigContextLoaderUtils - Could not detect default configuration classes for test class [com.cognizant.authorization.model.TestUserLoginCredential]: TestUserLoginCredential does not declare any static, non-private, non-final, nested classes annotated with @Configuration.
13:06:11.287 [main] DEBUG org.springframework.test.context.support.ActiveProfilesUtils - Could not find an 'annotation declaring class' for annotation type [org.springframework.test.context.ActiveProfiles] and class [com.cognizant.authorization.model.TestUserLoginCredential]
13:06:11.288 [main] INFO org.springframework.boot.test.context.SpringBootTestContextBootstrapper - Found @SpringBootConfiguration com.cognizant.authorization.AuthorizationServiceApplication for test class com.cognizant.authorization.model.TestUserLoginCredential
13:06:11.290 [main] DEBUG org.springframework.boot.test.context.SpringBootTestContextBootstrapper - @TestExecutionListeners is not present for class [com.cognizant.authorization.model.TestUserLoginCredential]: using defaults.
13:06:11.290 [main] INFO org.springframework.boot.test.context.SpringBootTestContextBootstrapper - Loaded default TestExecutionListener class names from location [META-INF/spring.factories]: [org.springframework.boot.test.mock.mockito.MockitoTestExecutionListener, org.springframework.boot.test.mock.mockito.ResetMocksTestExecutionListener, org.springframework.boot.test.autoconfigure.restdocs.RestDocsTestExecutionListener, org.springframework.boot.test.autoconfigure.web.client.MockRestServiceServerResetTestExecutionListener, org.springframework.boot.test.autoconfigure.web.servlet.MockMvcPrintOnlyOnFailureTestExecutionListener, org.springframework.boot.test.autoconfigure.web.servlet.WebDriverTestExecutionListener, org.springframework.boot.test.autoconfigure.webservices.client.MockWebServiceServerTestExecutionListener, org.springframework.test.context.web.ServletTestExecutionListener, org.springframework.test.context.support.DirtiesContextBeforeModesTestExecutionListener, org.springframework.test.context.support.DependencyInjectionTestExecutionListener, org.springframework.test.context.support.DirtiesContextTestExecutionListener, org.springframework.test.context.transaction.TransactionalTestExecutionListener, org.springframework.test.context.jdbc.SqlScriptsTestExecutionListener, org.springframework.test.context.event.EventPublishingTestExecutionListener, org.springframework.security.test.context.support.WithSecurityContextTestExecutionListener, org.springframework.security.test.context.support.ReactorContextTestExecutionListener]
13:06:11.291 [main] INFO org.springframework.boot.test.context.SpringBootTestContextBootstrapper - Using TestExecutionListeners: [org.springframework.test.context.web.ServletTestExecutionListener@13ad5cd3, org.springframework.test.context.support.DirtiesContextBeforeModesTestExecutionListener@1c33c17b, org.springframework.boot.test.mock.mockito.MockitoTestExecutionListener@5bf0fe62, org.springframework.boot.test.autoconfigure.SpringBootDependencyInjectionTestExecutionListener@1e097d59, org.springframework.test.context.support.DirtiesContextTestExecutionListener@673be18f, org.springframework.test.context.transaction.TransactionalTestExecutionListener@6581dc0a, org.springframework.test.context.jdbc.SqlScriptsTestExecutionListener@39de3d36, org.springframework.test.context.event.EventPublishingTestExecutionListener@6ce86ce1, org.springframework.security.test.context.support.WithSecurityContextTestExecutionListener@54e7df6a, org.springframework.security.test.context.support.ReactorContextTestExecutionListener@3fed2870, org.springframework.boot.test.mock.mockito.ResetMocksTestExecutionListener@77128536, org.springframework.boot.test.autoconfigure.restdocs.RestDocsTestExecutionListener@58326051, org.springframework.boot.test.autoconfigure.web.client.MockRestServiceServerResetTestExecutionListener@32c4e8b2, org.springframework.boot.test.autoconfigure.web.servlet.MockMvcPrintOnlyOnFailureTestExecutionListener@64bce832, org.springframework.boot.test.autoconfigure.web.servlet.WebDriverTestExecutionListener@764faa6, org.springframework.boot.test.autoconfigure.webservices.client.MockWebServiceServerTestExecutionListener@4c1f22f3]
13:06:11.291 [main] DEBUG org.springframework.test.annotation.ProfileValueUtils - Retrieved @ProfileValueSourceConfiguration [null] for test class [com.cognizant.authorization.model.TestUserLoginCredential]
13:06:11.291 [main] DEBUG org.springframework.test.annotation.ProfileValueUtils - Retrieved ProfileValueSource type [class org.springframework.test.annotation.SystemProfileValueSource] for class [com.cognizant.authorization.model.TestUserLoginCredential]
13:06:11.292 [main] DEBUG org.springframework.test.annotation.ProfileValueUtils - Retrieved @ProfileValueSourceConfiguration [null] for test class [com.cognizant.authorization.model.TestUserLoginCredential]
13:06:11.292 [main] DEBUG org.springframework.test.annotation.ProfileValueUtils - Retrieved ProfileValueSource type [class org.springframework.test.annotation.SystemProfileValueSource] for class [com.cognizant.authorization.model.TestUserLoginCredential]
13:06:11.292 [main] DEBUG org.springframework.test.annotation.ProfileValueUtils - Retrieved @ProfileValueSourceConfiguration [null] for test class [com.cognizant.authorization.model.TestUserLoginCredential]
13:06:11.292 [main] DEBUG org.springframework.test.annotation.ProfileValueUtils - Retrieved ProfileValueSource type [class org.springframework.test.annotation.SystemProfileValueSource] for class [com.cognizant.authorization.model.TestUserLoginCredential]
13:06:11.293 [main] DEBUG org.springframework.test.context.junit4.SpringJUnit4ClassRunner - SpringJUnit4ClassRunner constructor called with [class com.cognizant.authorization.model.UserTokenTest]
13:06:11.293 [main] DEBUG org.springframework.test.context.BootstrapUtils - Instantiating CacheAwareContextLoaderDelegate from class [org.springframework.test.context.cache.DefaultCacheAwareContextLoaderDelegate]
13:06:11.293 [main] DEBUG org.springframework.test.context.BootstrapUtils - Instantiating BootstrapContext using constructor [public org.springframework.test.context.support.DefaultBootstrapContext(java.lang.Class,org.springframework.test.context.CacheAwareContextLoaderDelegate)]
13:06:11.293 [main] DEBUG org.springframework.test.context.BootstrapUtils - Instantiating TestContextBootstrapper for test class [com.cognizant.authorization.model.UserTokenTest] from class [org.springframework.boot.test.context.SpringBootTestContextBootstrapper]
13:06:11.294 [main] INFO org.springframework.boot.test.context.SpringBootTestContextBootstrapper - Neither @ContextConfiguration nor @ContextHierarchy found for test class [com.cognizant.authorization.model.UserTokenTest], using SpringBootContextLoader
13:06:11.294 [main] DEBUG org.springframework.test.context.support.AbstractContextLoader - Did not detect default resource location for test class [com.cognizant.authorization.model.UserTokenTest]: class path resource [com/cognizant/authorization/model/UserTokenTest-context.xml] does not exist
13:06:11.294 [main] DEBUG org.springframework.test.context.support.AbstractContextLoader - Did not detect default resource location for test class [com.cognizant.authorization.model.UserTokenTest]: class path resource [com/cognizant/authorization/model/UserTokenTestContext.groovy] does not exist
13:06:11.294 [main] INFO org.springframework.test.context.support.AbstractContextLoader - Could not detect default resource locations for test class [com.cognizant.authorization.model.UserTokenTest]: no resource found for suffixes {-context.xml, Context.groovy}.
13:06:11.294 [main] INFO org.springframework.test.context.support.AnnotationConfigContextLoaderUtils - Could not detect default configuration classes for test class [com.cognizant.authorization.model.UserTokenTest]: UserTokenTest does not declare any static, non-private, non-final, nested classes annotated with @Configuration.
13:06:11.296 [main] DEBUG org.springframework.test.context.support.ActiveProfilesUtils - Could not find an 'annotation declaring class' for annotation type [org.springframework.test.context.ActiveProfiles] and class [com.cognizant.authorization.model.UserTokenTest]
13:06:11.296 [main] INFO org.springframework.boot.test.context.SpringBootTestContextBootstrapper - Found @SpringBootConfiguration com.cognizant.authorization.AuthorizationServiceApplication for test class com.cognizant.authorization.model.UserTokenTest
13:06:11.298 [main] DEBUG org.springframework.boot.test.context.SpringBootTestContextBootstrapper - @TestExecutionListeners is not present for class [com.cognizant.authorization.model.UserTokenTest]: using defaults.
13:06:11.298 [main] INFO org.springframework.boot.test.context.SpringBootTestContextBootstrapper - Loaded default TestExecutionListener class names from location [META-INF/spring.factories]: [org.springframework.boot.test.mock.mockito.MockitoTestExecutionListener, org.springframework.boot.test.mock.mockito.ResetMocksTestExecutionListener, org.springframework.boot.test.autoconfigure.restdocs.RestDocsTestExecutionListener, org.springframework.boot.test.autoconfigure.web.client.MockRestServiceServerResetTestExecutionListener, org.springframework.boot.test.autoconfigure.web.servlet.MockMvcPrintOnlyOnFailureTestExecutionListener, org.springframework.boot.test.autoconfigure.web.servlet.WebDriverTestExecutionListener, org.springframework.boot.test.autoconfigure.webservices.client.MockWebServiceServerTestExecutionListener, org.springframework.test.context.web.ServletTestExecutionListener, org.springframework.test.context.support.DirtiesContextBeforeModesTestExecutionListener, org.springframework.test.context.support.DependencyInjectionTestExecutionListener, org.springframework.test.context.support.DirtiesContextTestExecutionListener, org.springframework.test.context.transaction.TransactionalTestExecutionListener, org.springframework.test.context.jdbc.SqlScriptsTestExecutionListener, org.springframework.test.context.event.EventPublishingTestExecutionListener, org.springframework.security.test.context.support.WithSecurityContextTestExecutionListener, org.springframework.security.test.context.support.ReactorContextTestExecutionListener]
13:06:11.299 [main] INFO org.springframework.boot.test.context.SpringBootTestContextBootstrapper - Using TestExecutionListeners: [org.springframework.test.context.web.ServletTestExecutionListener@5a755cc1, org.springframework.test.context.support.DirtiesContextBeforeModesTestExecutionListener@7ae42ce3, org.springframework.boot.test.mock.mockito.MockitoTestExecutionListener@4f5991f6, org.springframework.boot.test.autoconfigure.SpringBootDependencyInjectionTestExecutionListener@484094a5, org.springframework.test.context.support.DirtiesContextTestExecutionListener@38234a38, org.springframework.test.context.transaction.TransactionalTestExecutionListener@63fbfaeb, org.springframework.test.context.jdbc.SqlScriptsTestExecutionListener@602e0143, org.springframework.test.context.event.EventPublishingTestExecutionListener@2c07545f, org.springframework.security.test.context.support.WithSecurityContextTestExecutionListener@e57b96d, org.springframework.security.test.context.support.ReactorContextTestExecutionListener@32c726ee, org.springframework.boot.test.mock.mockito.ResetMocksTestExecutionListener@22f31dec, org.springframework.boot.test.autoconfigure.restdocs.RestDocsTestExecutionListener@34c01041, org.springframework.boot.test.autoconfigure.web.client.MockRestServiceServerResetTestExecutionListener@76f4b65, org.springframework.boot.test.autoconfigure.web.servlet.MockMvcPrintOnlyOnFailureTestExecutionListener@c94fd30, org.springframework.boot.test.autoconfigure.web.servlet.WebDriverTestExecutionListener@36328d33, org.springframework.boot.test.autoconfigure.webservices.client.MockWebServiceServerTestExecutionListener@2c4d1ac]
13:06:11.299 [main] DEBUG org.springframework.test.annotation.ProfileValueUtils - Retrieved @ProfileValueSourceConfiguration [null] for test class [com.cognizant.authorization.model.UserTokenTest]
13:06:11.299 [main] DEBUG org.springframework.test.annotation.ProfileValueUtils - Retrieved ProfileValueSource type [class org.springframework.test.annotation.SystemProfileValueSource] for class [com.cognizant.authorization.model.UserTokenTest]
13:06:11.300 [main] DEBUG org.springframework.test.annotation.ProfileValueUtils - Retrieved @ProfileValueSourceConfiguration [null] for test class [com.cognizant.authorization.model.UserTokenTest]
13:06:11.300 [main] DEBUG org.springframework.test.annotation.ProfileValueUtils - Retrieved ProfileValueSource type [class org.springframework.test.annotation.SystemProfileValueSource] for class [com.cognizant.authorization.model.UserTokenTest]
13:06:11.300 [main] DEBUG org.springframework.test.annotation.ProfileValueUtils - Retrieved @ProfileValueSourceConfiguration [null] for test class [com.cognizant.authorization.model.UserTokenTest]
13:06:11.300 [main] DEBUG org.springframework.test.annotation.ProfileValueUtils - Retrieved ProfileValueSource type [class org.springframework.test.annotation.SystemProfileValueSource] for class [com.cognizant.authorization.model.UserTokenTest]

  .   ____          _            __ _ _
 /\\ / ___'_ __ _ _(_)_ __  __ _ \ \ \ \
( ( )\___ | '_ | '_| | '_ \/ _` | \ \ \ \
 \\/  ___)| |_)| | | | | || (_| |  ) ) ) )
  '  |____| .__|_| |_|_| |_\__, | / / / /
 =========|_|==============|___/=/_/_/_/
 :: Spring Boot ::        (v2.3.4.RELEASE)

27-06-21 13:06:12.226 main                  INFO onServiceApplicationTests               logStarting   55 Starting AuthorizationServiceApplicationTests on LAPTOP-LUV9TU1M with PID 12892 (started by ashri in C:\Users\ashri\OneDrive\Desktop\916927-ArthiSettu\MFPE_Projects-main\POD4\authorization-service)
27-06-21 13:06:12.242 main                 DEBUG onServiceApplicationTests               logStarting   56 Running with Spring Boot v2.3.4.RELEASE, Spring v5.2.9.RELEASE
27-06-21 13:06:12.242 main                  INFO onServiceApplicationTests     logStartupProfileInfo  651 No active profile set, falling back to default profiles: default
27-06-21 13:06:14.258 main                  INFO toryConfigurationDelegate    registerRepositoriesIn  127 Bootstrapping Spring Data JPA repositories in DEFERRED mode.
27-06-21 13:06:14.427 main                  INFO toryConfigurationDelegate    registerRepositoriesIn  187 Finished Spring Data repository scanning in 157ms. Found 1 JPA repository interfaces.
27-06-21 13:06:15.661 main                  INFO s.b.w.e.t.TomcatWebServer                initialize  108 Tomcat initialized with port(s): 8084 (http)
27-06-21 13:06:15.678 main                  INFO o.a.c.c.StandardService                         log  173 Starting service [Tomcat]
27-06-21 13:06:15.679 main                  INFO o.a.c.core.StandardEngine                       log  173 Starting Servlet engine: [Apache Tomcat/9.0.38]
27-06-21 13:06:15.913 main                  INFO o.a.c.c.C.[.[.[/api/auth]                       log  173 Initializing Spring embedded WebApplicationContext
27-06-21 13:06:15.913 main                  INFO bServerApplicationContext prepareWebApplicationContext  285 Root WebApplicationContext: initialization completed in 3521 ms
27-06-21 13:06:16.162 main                 DEBUG c.c.a.s.JwtRequestFilter                       init  242 Filter 'jwtRequestFilter' configured for use
27-06-21 13:06:16.189 main                  WARN bServerApplicationContext                   refresh  559 Exception encountered during context initialization - cancelling refresh attempt: org.springframework.beans.factory.UnsatisfiedDependencyException: Error creating bean with name 'org.springframework.boot.autoconfigure.orm.jpa.HibernateJpaConfiguration': Unsatisfied dependency expressed through constructor parameter 0; nested exception is org.springframework.beans.factory.BeanCreationException: Error creating bean with name 'dataSource' defined in class path resource [org/springframework/boot/autoconfigure/jdbc/DataSourceConfiguration$Hikari.class]: Bean instantiation via factory method failed; nested exception is org.springframework.beans.BeanInstantiationException: Failed to instantiate [com.zaxxer.hikari.HikariDataSource]: Factory method 'dataSource' threw exception; nested exception is java.lang.IllegalStateException: Cannot load driver class: org.h2.Driver
27-06-21 13:06:16.192 main                  INFO o.a.c.c.StandardService                         log  173 Stopping service [Tomcat]
27-06-21 13:06:16.270 main                  INFO tionReportLoggingListener                logMessage  136 

Error starting ApplicationContext. To display the conditions report re-run your application with 'debug' enabled.
27-06-21 13:06:16.291 main                 ERROR o.s.b.SpringApplication               reportFailure  837 Application run failed
org.springframework.beans.factory.UnsatisfiedDependencyException: Error creating bean with name 'org.springframework.boot.autoconfigure.orm.jpa.HibernateJpaConfiguration': Unsatisfied dependency expressed through constructor parameter 0; nested exception is org.springframework.beans.factory.BeanCreationException: Error creating bean with name 'dataSource' defined in class path resource [org/springframework/boot/autoconfigure/jdbc/DataSourceConfiguration$Hikari.class]: Bean instantiation via factory method failed; nested exception is org.springframework.beans.BeanInstantiationException: Failed to instantiate [com.zaxxer.hikari.HikariDataSource]: Factory method 'dataSource' threw exception; nested exception is java.lang.IllegalStateException: Cannot load driver class: org.h2.Driver
	at org.springframework.beans.factory.support.ConstructorResolver.createArgumentArray(ConstructorResolver.java:797)
	at org.springframework.beans.factory.support.ConstructorResolver.autowireConstructor(ConstructorResolver.java:227)
	at org.springframework.beans.factory.support.AbstractAutowireCapableBeanFactory.autowireConstructor(AbstractAutowireCapableBeanFactory.java:1356)
	at org.springframework.beans.factory.support.AbstractAutowireCapableBeanFactory.createBeanInstance(AbstractAutowireCapableBeanFactory.java:1203)
	at org.springframework.beans.factory.support.AbstractAutowireCapableBeanFactory.doCreateBean(AbstractAutowireCapableBeanFactory.java:556)
	at org.springframework.beans.factory.support.AbstractAutowireCapableBeanFactory.createBean(AbstractAutowireCapableBeanFactory.java:516)
	at org.springframework.beans.factory.support.AbstractBeanFactory.lambda$doGetBean$0(AbstractBeanFactory.java:324)
	at org.springframework.beans.factory.support.DefaultSingletonBeanRegistry.getSingleton(DefaultSingletonBeanRegistry.java:234)
	at org.springframework.beans.factory.support.AbstractBeanFactory.doGetBean(AbstractBeanFactory.java:322)
	at org.springframework.beans.factory.support.AbstractBeanFactory.getBean(AbstractBeanFactory.java:202)
	at org.springframework.beans.factory.support.ConstructorResolver.instantiateUsingFactoryMethod(ConstructorResolver.java:408)
	at org.springframework.beans.factory.support.AbstractAutowireCapableBeanFactory.instantiateUsingFactoryMethod(AbstractAutowireCapableBeanFactory.java:1336)
	at org.springframework.beans.factory.support.AbstractAutowireCapableBeanFactory.createBeanInstance(AbstractAutowireCapableBeanFactory.java:1176)
	at org.springframework.beans.factory.support.AbstractAutowireCapableBeanFactory.doCreateBean(AbstractAutowireCapableBeanFactory.java:556)
	at org.springframework.beans.factory.support.AbstractAutowireCapableBeanFactory.createBean(AbstractAutowireCapableBeanFactory.java:516)
	at org.springframework.beans.factory.support.AbstractBeanFactory.lambda$doGetBean$0(AbstractBeanFactory.java:324)
	at org.springframework.beans.factory.support.DefaultSingletonBeanRegistry.getSingleton(DefaultSingletonBeanRegistry.java:234)
	at org.springframework.beans.factory.support.AbstractBeanFactory.doGetBean(AbstractBeanFactory.java:322)
	at org.springframework.beans.factory.support.AbstractBeanFactory.getBean(AbstractBeanFactory.java:202)
	at org.springframework.context.support.AbstractApplicationContext.getBean(AbstractApplicationContext.java:1109)
	at org.springframework.context.support.AbstractApplicationContext.finishBeanFactoryInitialization(AbstractApplicationContext.java:869)
	at org.springframework.context.support.AbstractApplicationContext.refresh(AbstractApplicationContext.java:551)
	at org.springframework.boot.web.servlet.context.ServletWebServerApplicationContext.refresh(ServletWebServerApplicationContext.java:143)
	at org.springframework.boot.SpringApplication.refresh(SpringApplication.java:758)
	at org.springframework.boot.SpringApplication.refresh(SpringApplication.java:750)
	at org.springframework.boot.SpringApplication.refreshContext(SpringApplication.java:397)
	at org.springframework.boot.SpringApplication.run(SpringApplication.java:315)
	at org.springframework.boot.SpringApplication.run(SpringApplication.java:1237)
	at org.springframework.boot.SpringApplication.run(SpringApplication.java:1226)
	at com.cognizant.authorization.AuthorizationServiceApplicationTests.main(AuthorizationServiceApplicationTests.java:15)
	at java.base/jdk.internal.reflect.NativeMethodAccessorImpl.invoke0(Native Method)
	at java.base/jdk.internal.reflect.NativeMethodAccessorImpl.invoke(NativeMethodAccessorImpl.java:64)
	at java.base/jdk.internal.reflect.DelegatingMethodAccessorImpl.invoke(DelegatingMethodAccessorImpl.java:43)
	at java.base/java.lang.reflect.Method.invoke(Method.java:564)
	at org.junit.runners.model.FrameworkMethod$1.runReflectiveCall(FrameworkMethod.java:59)
	at org.junit.internal.runners.model.ReflectiveCallable.run(ReflectiveCallable.java:12)
	at org.junit.runners.model.FrameworkMethod.invokeExplosively(FrameworkMethod.java:56)
	at org.junit.internal.runners.statements.InvokeMethod.evaluate(InvokeMethod.java:17)
	at org.junit.runners.ParentRunner$3.evaluate(ParentRunner.java:306)
	at org.junit.runners.BlockJUnit4ClassRunner$1.evaluate(BlockJUnit4ClassRunner.java:100)
	at org.junit.runners.ParentRunner.runLeaf(ParentRunner.java:366)
	at org.junit.runners.BlockJUnit4ClassRunner.runChild(BlockJUnit4ClassRunner.java:103)
	at org.junit.runners.BlockJUnit4ClassRunner.runChild(BlockJUnit4ClassRunner.java:63)
	at org.junit.runners.ParentRunner$4.run(ParentRunner.java:331)
	at org.junit.runners.ParentRunner$1.schedule(ParentRunner.java:79)
	at org.junit.runners.ParentRunner.runChildren(ParentRunner.java:329)
	at org.junit.runners.ParentRunner.access$100(ParentRunner.java:66)
	at org.junit.runners.ParentRunner$2.evaluate(ParentRunner.java:293)
	at org.junit.runners.ParentRunner$3.evaluate(ParentRunner.java:306)
	at org.junit.runners.ParentRunner.run(ParentRunner.java:413)
	at org.junit.runner.JUnitCore.run(JUnitCore.java:137)
	at org.junit.runner.JUnitCore.run(JUnitCore.java:115)
	at org.junit.vintage.engine.execution.RunnerExecutor.execute(RunnerExecutor.java:43)
	at java.base/java.util.stream.ForEachOps$ForEachOp$OfRef.accept(ForEachOps.java:183)
	at java.base/java.util.stream.ReferencePipeline$3$1.accept(ReferencePipeline.java:195)
	at java.base/java.util.Iterator.forEachRemaining(Iterator.java:133)
	at java.base/java.util.Spliterators$IteratorSpliterator.forEachRemaining(Spliterators.java:1801)
	at java.base/java.util.stream.AbstractPipeline.copyInto(AbstractPipeline.java:484)
	at java.base/java.util.stream.AbstractPipeline.wrapAndCopyInto(AbstractPipeline.java:474)
	at java.base/java.util.stream.ForEachOps$ForEachOp.evaluateSequential(ForEachOps.java:150)
	at java.base/java.util.stream.ForEachOps$ForEachOp$OfRef.evaluateSequential(ForEachOps.java:173)
	at java.base/java.util.stream.AbstractPipeline.evaluate(AbstractPipeline.java:234)
	at java.base/java.util.stream.ReferencePipeline.forEach(ReferencePipeline.java:497)
	at org.junit.vintage.engine.VintageTestEngine.executeAllChildren(VintageTestEngine.java:82)
	at org.junit.vintage.engine.VintageTestEngine.execute(VintageTestEngine.java:73)
	at org.junit.platform.launcher.core.DefaultLauncher.execute(DefaultLauncher.java:220)
	at org.junit.platform.launcher.core.DefaultLauncher.lambda$execute$6(DefaultLauncher.java:188)
	at org.junit.platform.launcher.core.DefaultLauncher.withInterceptedStreams(DefaultLauncher.java:202)
	at org.junit.platform.launcher.core.DefaultLauncher.execute(DefaultLauncher.java:181)
	at org.junit.platform.launcher.core.DefaultLauncher.execute(DefaultLauncher.java:128)
	at org.apache.maven.surefire.junitplatform.JUnitPlatformProvider.invokeAllTests(JUnitPlatformProvider.java:150)
	at org.apache.maven.surefire.junitplatform.JUnitPlatformProvider.invoke(JUnitPlatformProvider.java:124)
	at org.apache.maven.surefire.booter.ForkedBooter.invokeProviderInSameClassLoader(ForkedBooter.java:384)
	at org.apache.maven.surefire.booter.ForkedBooter.runSuitesInProcess(ForkedBooter.java:345)
	at org.apache.maven.surefire.booter.ForkedBooter.execute(ForkedBooter.java:126)
	at org.apache.maven.surefire.booter.ForkedBooter.main(ForkedBooter.java:418)
Caused by: org.springframework.beans.factory.BeanCreationException: Error creating bean with name 'dataSource' defined in class path resource [org/springframework/boot/autoconfigure/jdbc/DataSourceConfiguration$Hikari.class]: Bean instantiation via factory method failed; nested exception is org.springframework.beans.BeanInstantiationException: Failed to instantiate [com.zaxxer.hikari.HikariDataSource]: Factory method 'dataSource' threw exception; nested exception is java.lang.IllegalStateException: Cannot load driver class: org.h2.Driver
	at org.springframework.beans.factory.support.ConstructorResolver.instantiate(ConstructorResolver.java:655)
	at org.springframework.beans.factory.support.ConstructorResolver.instantiateUsingFactoryMethod(ConstructorResolver.java:635)
	at org.springframework.beans.factory.support.AbstractAutowireCapableBeanFactory.instantiateUsingFactoryMethod(AbstractAutowireCapableBeanFactory.java:1336)
	at org.springframework.beans.factory.support.AbstractAutowireCapableBeanFactory.createBeanInstance(AbstractAutowireCapableBeanFactory.java:1176)
	at org.springframework.beans.factory.support.AbstractAutowireCapableBeanFactory.doCreateBean(AbstractAutowireCapableBeanFactory.java:556)
	at org.springframework.beans.factory.support.AbstractAutowireCapableBeanFactory.createBean(AbstractAutowireCapableBeanFactory.java:516)
	at org.springframework.beans.factory.support.AbstractBeanFactory.lambda$doGetBean$0(AbstractBeanFactory.java:324)
	at org.springframework.beans.factory.support.DefaultSingletonBeanRegistry.getSingleton(DefaultSingletonBeanRegistry.java:234)
	at org.springframework.beans.factory.support.AbstractBeanFactory.doGetBean(AbstractBeanFactory.java:322)
	at org.springframework.beans.factory.support.AbstractBeanFactory.getBean(AbstractBeanFactory.java:202)
	at org.springframework.beans.factory.config.DependencyDescriptor.resolveCandidate(DependencyDescriptor.java:276)
	at org.springframework.beans.factory.support.DefaultListableBeanFactory.doResolveDependency(DefaultListableBeanFactory.java:1307)
	at org.springframework.beans.factory.support.DefaultListableBeanFactory.resolveDependency(DefaultListableBeanFactory.java:1227)
	at org.springframework.beans.factory.support.ConstructorResolver.resolveAutowiredArgument(ConstructorResolver.java:884)
	at org.springframework.beans.factory.support.ConstructorResolver.createArgumentArray(ConstructorResolver.java:788)
	... 75 common frames omitted
Caused by: org.springframework.beans.BeanInstantiationException: Failed to instantiate [com.zaxxer.hikari.HikariDataSource]: Factory method 'dataSource' threw exception; nested exception is java.lang.IllegalStateException: Cannot load driver class: org.h2.Driver
	at org.springframework.beans.factory.support.SimpleInstantiationStrategy.instantiate(SimpleInstantiationStrategy.java:185)
	at org.springframework.beans.factory.support.ConstructorResolver.instantiate(ConstructorResolver.java:650)
	... 89 common frames omitted
Caused by: java.lang.IllegalStateException: Cannot load driver class: org.h2.Driver
	at org.springframework.util.Assert.state(Assert.java:97)
	at org.springframework.boot.autoconfigure.jdbc.DataSourceProperties.determineDriverClassName(DataSourceProperties.java:223)
	at org.springframework.boot.autoconfigure.jdbc.DataSourceProperties.initializeDataSourceBuilder(DataSourceProperties.java:175)
	at org.springframework.boot.autoconfigure.jdbc.DataSourceConfiguration.createDataSource(DataSourceConfiguration.java:43)
	at org.springframework.boot.autoconfigure.jdbc.DataSourceConfiguration$Hikari.dataSource(DataSourceConfiguration.java:85)
	at java.base/jdk.internal.reflect.NativeMethodAccessorImpl.invoke0(Native Method)
	at java.base/jdk.internal.reflect.NativeMethodAccessorImpl.invoke(NativeMethodAccessorImpl.java:64)
	at java.base/jdk.internal.reflect.DelegatingMethodAccessorImpl.invoke(DelegatingMethodAccessorImpl.java:43)
	at java.base/java.lang.reflect.Method.invoke(Method.java:564)
	at org.springframework.beans.factory.support.SimpleInstantiationStrategy.instantiate(SimpleInstantiationStrategy.java:154)
	... 90 common frames omitted
]]></system-out>
  </testcase>
</testsuite>